

Started GET "/" for 127.0.0.1 at 2014-09-18 11:52:01 -0400
Processing by Rails::WelcomeController#index as HTML
  Rendered /Users/kbumpus/.rbenv/versions/2.1.2/lib/ruby/gems/2.1.0/gems/railties-4.1.6/lib/rails/templates/rails/welcome/index.html.erb (1.8ms)
Completed 200 OK in 16ms (Views: 8.3ms | ActiveRecord: 0.0ms)


Started GET "/" for 127.0.0.1 at 2014-09-18 11:54:22 -0400
Processing by Rails::WelcomeController#index as HTML
  Rendered /Users/kbumpus/.rbenv/versions/2.1.2/lib/ruby/gems/2.1.0/gems/railties-4.1.6/lib/rails/templates/rails/welcome/index.html.erb (1.2ms)
Completed 200 OK in 14ms (Views: 5.0ms | ActiveRecord: 0.0ms)


Started GET "/main" for 127.0.0.1 at 2014-09-18 11:54:27 -0400

ActionController::RoutingError (No route matches [GET] "/main"):
  actionpack (4.1.6) lib/action_dispatch/middleware/debug_exceptions.rb:21:in `call'
  actionpack (4.1.6) lib/action_dispatch/middleware/show_exceptions.rb:30:in `call'
  railties (4.1.6) lib/rails/rack/logger.rb:38:in `call_app'
  railties (4.1.6) lib/rails/rack/logger.rb:20:in `block in call'
  activesupport (4.1.6) lib/active_support/tagged_logging.rb:68:in `block in tagged'
  activesupport (4.1.6) lib/active_support/tagged_logging.rb:26:in `tagged'
  activesupport (4.1.6) lib/active_support/tagged_logging.rb:68:in `tagged'
  railties (4.1.6) lib/rails/rack/logger.rb:20:in `call'
  actionpack (4.1.6) lib/action_dispatch/middleware/request_id.rb:21:in `call'
  rack (1.5.2) lib/rack/methodoverride.rb:21:in `call'
  rack (1.5.2) lib/rack/runtime.rb:17:in `call'
  activesupport (4.1.6) lib/active_support/cache/strategy/local_cache_middleware.rb:26:in `call'
  rack (1.5.2) lib/rack/lock.rb:17:in `call'
  actionpack (4.1.6) lib/action_dispatch/middleware/static.rb:64:in `call'
  rack (1.5.2) lib/rack/sendfile.rb:112:in `call'
  railties (4.1.6) lib/rails/engine.rb:514:in `call'
  railties (4.1.6) lib/rails/application.rb:144:in `call'
  rack (1.5.2) lib/rack/lock.rb:17:in `call'
  rack (1.5.2) lib/rack/content_length.rb:14:in `call'
  rack (1.5.2) lib/rack/handler/webrick.rb:60:in `service'
  /Users/kbumpus/.rbenv/versions/2.1.2/lib/ruby/2.1.0/webrick/httpserver.rb:138:in `service'
  /Users/kbumpus/.rbenv/versions/2.1.2/lib/ruby/2.1.0/webrick/httpserver.rb:94:in `run'
  /Users/kbumpus/.rbenv/versions/2.1.2/lib/ruby/2.1.0/webrick/server.rb:295:in `block in start_thread'


  Rendered /Users/kbumpus/.rbenv/versions/2.1.2/lib/ruby/gems/2.1.0/gems/actionpack-4.1.6/lib/action_dispatch/middleware/templates/rescues/_trace.html.erb (3.0ms)
  Rendered /Users/kbumpus/.rbenv/versions/2.1.2/lib/ruby/gems/2.1.0/gems/actionpack-4.1.6/lib/action_dispatch/middleware/templates/routes/_route.html.erb (1.0ms)
  Rendered /Users/kbumpus/.rbenv/versions/2.1.2/lib/ruby/gems/2.1.0/gems/actionpack-4.1.6/lib/action_dispatch/middleware/templates/routes/_table.html.erb (7.2ms)
  Rendered /Users/kbumpus/.rbenv/versions/2.1.2/lib/ruby/gems/2.1.0/gems/actionpack-4.1.6/lib/action_dispatch/middleware/templates/rescues/routing_error.html.erb within rescues/layout (30.6ms)


Started GET "/main/index" for 127.0.0.1 at 2014-09-18 11:54:49 -0400
Processing by MainController#index as HTML
  Rendered main/index.html.erb within layouts/application (0.3ms)
Completed 200 OK in 432ms (Views: 431.9ms | ActiveRecord: 0.0ms)


Started GET "/assets/main.css?body=1" for 127.0.0.1 at 2014-09-18 11:54:49 -0400


Started GET "/assets/jquery.js?body=1" for 127.0.0.1 at 2014-09-18 11:54:49 -0400


Started GET "/assets/application.css?body=1" for 127.0.0.1 at 2014-09-18 11:54:49 -0400


Started GET "/assets/turbolinks.js?body=1" for 127.0.0.1 at 2014-09-18 11:54:49 -0400


Started GET "/assets/main.js?body=1" for 127.0.0.1 at 2014-09-18 11:54:49 -0400


Started GET "/assets/jquery_ujs.js?body=1" for 127.0.0.1 at 2014-09-18 11:54:49 -0400


Started GET "/assets/application.js?body=1" for 127.0.0.1 at 2014-09-18 11:54:49 -0400


Started GET "/posting/create" for 127.0.0.1 at 2014-09-18 11:55:55 -0400
Processing by MainController#index as HTML
  Rendered main/index.html.erb within layouts/application (0.8ms)
Completed 200 OK in 47ms (Views: 40.1ms | ActiveRecord: 0.0ms)


Started GET "/assets/main.js?body=1" for 127.0.0.1 at 2014-09-18 11:55:55 -0400


Started GET "/assets/main.css?body=1" for 127.0.0.1 at 2014-09-18 11:55:55 -0400


Started GET "/assets/jquery.js?body=1" for 127.0.0.1 at 2014-09-18 11:55:55 -0400


Started GET "/assets/application.css?body=1" for 127.0.0.1 at 2014-09-18 11:55:55 -0400


Started GET "/assets/turbolinks.js?body=1" for 127.0.0.1 at 2014-09-18 11:55:55 -0400


Started GET "/assets/jquery_ujs.js?body=1" for 127.0.0.1 at 2014-09-18 11:55:55 -0400


Started GET "/assets/application.js?body=1" for 127.0.0.1 at 2014-09-18 11:55:55 -0400
